  [1m[36m (144.5ms)[0m  [1mCREATE TABLE "schema_migrations" ("version" varchar NOT NULL) [0m
  [1m[35m (0.1ms)[0m  select sqlite_version(*)
  [1m[36m (108.3ms)[0m  [1mCREATE UNIQUE INDEX "unique_schema_migrations" ON "schema_migrations" ("version")[0m
  [1m[35mActiveRecord::SchemaMigration Load (0.1ms)[0m  SELECT "schema_migrations".* FROM "schema_migrations"
Migrating to CreateBlogs (20151002065213)
  [1m[36m (0.0ms)[0m  [1mbegin transaction[0m
  [1m[35m (0.3ms)[0m  CREATE TABLE "blogs" ("id" INTEGER PRIMARY KEY AUTOINCREMENT NOT NULL, "title" varchar, "url" varchar, "created_at" datetime NOT NULL, "updated_at" datetime NOT NULL) 
  [1m[36mSQL (0.4ms)[0m  [1mINSERT INTO "schema_migrations" ("version") VALUES (?)[0m  [["version", "20151002065213"]]
  [1m[35m (179.8ms)[0m  commit transaction
  [1m[36mActiveRecord::SchemaMigration Load (0.2ms)[0m  [1mSELECT "schema_migrations".* FROM "schema_migrations"[0m
  [1m[36mActiveRecord::SchemaMigration Load (0.1ms)[0m  [1mSELECT "schema_migrations".* FROM "schema_migrations"[0m
  [1m[36m (148.7ms)[0m  [1mCREATE TABLE "schema_migrations" ("version" varchar NOT NULL) [0m
  [1m[35m (0.2ms)[0m  select sqlite_version(*)
  [1m[36m (132.4ms)[0m  [1mCREATE UNIQUE INDEX "unique_schema_migrations" ON "schema_migrations" ("version")[0m
  [1m[35mActiveRecord::SchemaMigration Load (0.1ms)[0m  SELECT "schema_migrations".* FROM "schema_migrations"
Migrating to CreateBlogs (20151002065213)
  [1m[36m (0.1ms)[0m  [1mbegin transaction[0m
  [1m[35m (0.3ms)[0m  CREATE TABLE "blogs" ("id" INTEGER PRIMARY KEY AUTOINCREMENT NOT NULL, "title" varchar, "url" varchar, "created_at" datetime NOT NULL, "updated_at" datetime NOT NULL) 
  [1m[36mSQL (0.1ms)[0m  [1mINSERT INTO "schema_migrations" ("version") VALUES (?)[0m  [["version", "20151002065213"]]
  [1m[35m (172.2ms)[0m  commit transaction
Migrating to CreatePosts (20151002070304)
  [1m[36m (0.1ms)[0m  [1mbegin transaction[0m
  [1m[35m (0.5ms)[0m  CREATE TABLE "posts" ("id" INTEGER PRIMARY KEY AUTOINCREMENT NOT NULL, "post_id" varchar, "post_url" varchar, "blog_id" integer, "created_at" datetime NOT NULL, "updated_at" datetime NOT NULL) 
  [1m[36mSQL (0.2ms)[0m  [1mINSERT INTO "schema_migrations" ("version") VALUES (?)[0m  [["version", "20151002070304"]]
  [1m[35m (188.4ms)[0m  commit transaction
  [1m[36mActiveRecord::SchemaMigration Load (0.2ms)[0m  [1mSELECT "schema_migrations".* FROM "schema_migrations"[0m
  [1m[36mActiveRecord::SchemaMigration Load (0.1ms)[0m  [1mSELECT "schema_migrations".* FROM "schema_migrations"[0m
  [1m[36mBlog Load (1.5ms)[0m  [1mSELECT "blogs".* FROM "blogs"[0m
  [1m[35m (0.1ms)[0m  begin transaction
  [1m[36mSQL (0.3ms)[0m  [1mINSERT INTO "blogs" ("title", "url", "created_at", "updated_at") VALUES (?, ?, ?, ?)[0m  [["title", "Sister Siss"], ["url", "sistersiss.tumblr.com"], ["created_at", "2015-10-02 07:07:23.331272"], ["updated_at", "2015-10-02 07:07:23.331272"]]
  [1m[35m (172.5ms)[0m  commit transaction
  [1m[36mBlog Load (0.2ms)[0m  [1mSELECT  "blogs".* FROM "blogs"  ORDER BY "blogs"."id" ASC LIMIT 1[0m
  [1m[35mBlog Load (0.2ms)[0m  SELECT  "blogs".* FROM "blogs"  ORDER BY "blogs"."id" ASC LIMIT 1
  [1m[36mPost Load (0.4ms)[0m  [1mSELECT "posts".* FROM "posts" WHERE "posts"."blog_id" = ?[0m  [["blog_id", 1]]


Started GET "/" for 127.0.0.1 at 2015-10-02 00:07:50 -0700
  [1m[36mActiveRecord::SchemaMigration Load (0.1ms)[0m  [1mSELECT "schema_migrations".* FROM "schema_migrations"[0m
Processing by Rails::WelcomeController#index as HTML
  Rendered /home/jacob/.rbenv/versions/2.2.1/lib/ruby/gems/2.2.0/gems/railties-4.2.4/lib/rails/templates/rails/welcome/index.html.erb (3.2ms)
Completed 200 OK in 69ms (Views: 45.6ms | ActiveRecord: 0.0ms)


Started GET "/blogs" for 127.0.0.1 at 2015-10-02 00:07:55 -0700
Processing by BlogsController#index as HTML
  [1m[35mBlog Load (0.1ms)[0m  SELECT "blogs".* FROM "blogs"
  Rendered blogs/index.html.erb within layouts/application (4.7ms)
Completed 200 OK in 1021ms (Views: 1016.9ms | ActiveRecord: 0.4ms)


Started GET "/assets/blogs.self-e3b0c44298fc1c149afbf4c8996fb92427ae41e4649b934ca495991b7852b855.css?body=1" for 127.0.0.1 at 2015-10-02 00:07:56 -0700


Started GET "/assets/posts.self-e3b0c44298fc1c149afbf4c8996fb92427ae41e4649b934ca495991b7852b855.css?body=1" for 127.0.0.1 at 2015-10-02 00:07:56 -0700


Started GET "/assets/scaffolds.self-63df97e3bc8eac4920638c0dbed3e153966a98da35d9ed911d276082671b8b31.css?body=1" for 127.0.0.1 at 2015-10-02 00:07:56 -0700


Started GET "/assets/application.self-e80e8f2318043e8af94dddc2adad5a4f09739a8ebb323b3ab31cd71d45fd9113.css?body=1" for 127.0.0.1 at 2015-10-02 00:07:57 -0700


Started GET "/assets/jquery.self-a714331225dda820228db323939889f149aec0127aeb06255646b616ba1ca419.js?body=1" for 127.0.0.1 at 2015-10-02 00:07:57 -0700


Started GET "/assets/jquery_ujs.self-d456baa54c1fa6be2ec3711f0a72ddf7a5b2f34a6b4f515f33767d6207b7d4b3.js?body=1" for 127.0.0.1 at 2015-10-02 00:07:57 -0700


Started GET "/assets/turbolinks.self-c37727e9bd6b2735da5c311aa83fead54ed0be6cc8bd9a65309e9c5abe2cbfff.js?body=1" for 127.0.0.1 at 2015-10-02 00:07:57 -0700


Started GET "/assets/blogs.self-877aef30ae1b040ab8a3aba4e3e309a11d7f2612f44dde450b5c157aa5f95c05.js?body=1" for 127.0.0.1 at 2015-10-02 00:07:57 -0700


Started GET "/assets/posts.self-877aef30ae1b040ab8a3aba4e3e309a11d7f2612f44dde450b5c157aa5f95c05.js?body=1" for 127.0.0.1 at 2015-10-02 00:07:57 -0700


Started GET "/assets/application.self-3b8dabdc891efe46b9a144b400ad69e37d7e5876bdc39dee783419a69d7ca819.js?body=1" for 127.0.0.1 at 2015-10-02 00:07:57 -0700


Started GET "/blogs/1" for 127.0.0.1 at 2015-10-02 00:07:59 -0700
Processing by BlogsController#show as HTML
  Parameters: {"id"=>"1"}
  [1m[36mBlog Load (0.3ms)[0m  [1mSELECT  "blogs".* FROM "blogs" WHERE "blogs"."id" = ? LIMIT 1[0m  [["id", 1]]
  [1m[35mCACHE (0.0ms)[0m  SELECT  "blogs".* FROM "blogs" WHERE "blogs"."id" = ? LIMIT 1  [["id", "1"]]
  Rendered blogs/show.html.erb within layouts/application (0.7ms)
Completed 200 OK in 815ms (Views: 25.2ms | ActiveRecord: 0.3ms)


Started GET "/blogs/1" for 127.0.0.1 at 2015-10-02 00:10:29 -0700
Processing by BlogsController#show as HTML
  Parameters: {"id"=>"1"}
  [1m[36mBlog Load (0.1ms)[0m  [1mSELECT  "blogs".* FROM "blogs" WHERE "blogs"."id" = ? LIMIT 1[0m  [["id", 1]]
  [1m[35mCACHE (0.0ms)[0m  SELECT  "blogs".* FROM "blogs" WHERE "blogs"."id" = ? LIMIT 1  [["id", "1"]]
  Rendered blogs/show.html.erb within layouts/application (0.7ms)
Completed 200 OK in 819ms (Views: 26.3ms | ActiveRecord: 0.5ms)


Started GET "/assets/blogs.self-e3b0c44298fc1c149afbf4c8996fb92427ae41e4649b934ca495991b7852b855.css?body=1" for 127.0.0.1 at 2015-10-02 00:10:30 -0700


Started GET "/assets/posts.self-e3b0c44298fc1c149afbf4c8996fb92427ae41e4649b934ca495991b7852b855.css?body=1" for 127.0.0.1 at 2015-10-02 00:10:30 -0700


Started GET "/assets/jquery_ujs.self-d456baa54c1fa6be2ec3711f0a72ddf7a5b2f34a6b4f515f33767d6207b7d4b3.js?body=1" for 127.0.0.1 at 2015-10-02 00:10:30 -0700


Started GET "/assets/jquery.self-a714331225dda820228db323939889f149aec0127aeb06255646b616ba1ca419.js?body=1" for 127.0.0.1 at 2015-10-02 00:10:30 -0700


Started GET "/assets/scaffolds.self-63df97e3bc8eac4920638c0dbed3e153966a98da35d9ed911d276082671b8b31.css?body=1" for 127.0.0.1 at 2015-10-02 00:10:30 -0700


Started GET "/assets/application.self-e80e8f2318043e8af94dddc2adad5a4f09739a8ebb323b3ab31cd71d45fd9113.css?body=1" for 127.0.0.1 at 2015-10-02 00:10:30 -0700


Started GET "/assets/turbolinks.self-c37727e9bd6b2735da5c311aa83fead54ed0be6cc8bd9a65309e9c5abe2cbfff.js?body=1" for 127.0.0.1 at 2015-10-02 00:10:30 -0700


Started GET "/assets/blogs.self-877aef30ae1b040ab8a3aba4e3e309a11d7f2612f44dde450b5c157aa5f95c05.js?body=1" for 127.0.0.1 at 2015-10-02 00:10:30 -0700


Started GET "/assets/posts.self-877aef30ae1b040ab8a3aba4e3e309a11d7f2612f44dde450b5c157aa5f95c05.js?body=1" for 127.0.0.1 at 2015-10-02 00:10:30 -0700


Started GET "/assets/application.self-3b8dabdc891efe46b9a144b400ad69e37d7e5876bdc39dee783419a69d7ca819.js?body=1" for 127.0.0.1 at 2015-10-02 00:10:30 -0700


Started GET "/blogs" for 127.0.0.1 at 2015-10-02 00:10:56 -0700
Processing by BlogsController#index as HTML
  [1m[36mBlog Load (0.1ms)[0m  [1mSELECT "blogs".* FROM "blogs"[0m
  Rendered blogs/index.html.erb within layouts/application (2.1ms)
Completed 200 OK in 29ms (Views: 27.6ms | ActiveRecord: 0.1ms)


Started GET "/blogs/1" for 127.0.0.1 at 2015-10-02 00:10:58 -0700
Processing by BlogsController#show as HTML
  Parameters: {"id"=>"1"}
  [1m[35mBlog Load (0.1ms)[0m  SELECT  "blogs".* FROM "blogs" WHERE "blogs"."id" = ? LIMIT 1  [["id", 1]]
  [1m[36mCACHE (0.0ms)[0m  [1mSELECT  "blogs".* FROM "blogs" WHERE "blogs"."id" = ? LIMIT 1[0m  [["id", "1"]]
  Rendered blogs/show.html.erb within layouts/application (0.3ms)
Completed 200 OK in 836ms (Views: 34.9ms | ActiveRecord: 0.1ms)


Started GET "/blogs/1" for 127.0.0.1 at 2015-10-02 00:11:37 -0700
Processing by BlogsController#show as HTML
  Parameters: {"id"=>"1"}
  [1m[35mBlog Load (0.1ms)[0m  SELECT  "blogs".* FROM "blogs" WHERE "blogs"."id" = ? LIMIT 1  [["id", 1]]
  [1m[36mCACHE (0.0ms)[0m  [1mSELECT  "blogs".* FROM "blogs" WHERE "blogs"."id" = ? LIMIT 1[0m  [["id", "1"]]
  Rendered blogs/show.html.erb within layouts/application (0.4ms)
Completed 200 OK in 817ms (Views: 29.6ms | ActiveRecord: 0.5ms)


Started GET "/assets/blogs.self-e3b0c44298fc1c149afbf4c8996fb92427ae41e4649b934ca495991b7852b855.css?body=1" for 127.0.0.1 at 2015-10-02 00:11:38 -0700


Started GET "/assets/application.self-e80e8f2318043e8af94dddc2adad5a4f09739a8ebb323b3ab31cd71d45fd9113.css?body=1" for 127.0.0.1 at 2015-10-02 00:11:38 -0700


Started GET "/assets/scaffolds.self-63df97e3bc8eac4920638c0dbed3e153966a98da35d9ed911d276082671b8b31.css?body=1" for 127.0.0.1 at 2015-10-02 00:11:38 -0700


Started GET "/assets/posts.self-e3b0c44298fc1c149afbf4c8996fb92427ae41e4649b934ca495991b7852b855.css?body=1" for 127.0.0.1 at 2015-10-02 00:11:38 -0700


Started GET "/assets/jquery_ujs.self-d456baa54c1fa6be2ec3711f0a72ddf7a5b2f34a6b4f515f33767d6207b7d4b3.js?body=1" for 127.0.0.1 at 2015-10-02 00:11:38 -0700


Started GET "/assets/jquery.self-a714331225dda820228db323939889f149aec0127aeb06255646b616ba1ca419.js?body=1" for 127.0.0.1 at 2015-10-02 00:11:38 -0700


Started GET "/assets/turbolinks.self-c37727e9bd6b2735da5c311aa83fead54ed0be6cc8bd9a65309e9c5abe2cbfff.js?body=1" for 127.0.0.1 at 2015-10-02 00:11:38 -0700


Started GET "/assets/blogs.self-877aef30ae1b040ab8a3aba4e3e309a11d7f2612f44dde450b5c157aa5f95c05.js?body=1" for 127.0.0.1 at 2015-10-02 00:11:38 -0700


Started GET "/assets/posts.self-877aef30ae1b040ab8a3aba4e3e309a11d7f2612f44dde450b5c157aa5f95c05.js?body=1" for 127.0.0.1 at 2015-10-02 00:11:38 -0700


Started GET "/assets/application.self-3b8dabdc891efe46b9a144b400ad69e37d7e5876bdc39dee783419a69d7ca819.js?body=1" for 127.0.0.1 at 2015-10-02 00:11:38 -0700


Started GET "/blogs" for 127.0.0.1 at 2015-10-02 00:11:41 -0700
Processing by BlogsController#index as HTML
  [1m[35mBlog Load (0.3ms)[0m  SELECT "blogs".* FROM "blogs"
  Rendered blogs/index.html.erb within layouts/application (1.9ms)
Completed 200 OK in 30ms (Views: 29.2ms | ActiveRecord: 0.3ms)


Started GET "/blogs/1" for 127.0.0.1 at 2015-10-02 00:11:43 -0700
Processing by BlogsController#show as HTML
  Parameters: {"id"=>"1"}
  [1m[36mBlog Load (0.1ms)[0m  [1mSELECT  "blogs".* FROM "blogs" WHERE "blogs"."id" = ? LIMIT 1[0m  [["id", 1]]
  [1m[35mCACHE (0.0ms)[0m  SELECT  "blogs".* FROM "blogs" WHERE "blogs"."id" = ? LIMIT 1  [["id", "1"]]
  Rendered blogs/show.html.erb within layouts/application (0.3ms)
Completed 200 OK in 769ms (Views: 27.9ms | ActiveRecord: 0.1ms)


Started GET "/blogs/1" for 127.0.0.1 at 2015-10-02 00:14:28 -0700
Processing by BlogsController#show as HTML
  Parameters: {"id"=>"1"}
  [1m[36mBlog Load (0.1ms)[0m  [1mSELECT  "blogs".* FROM "blogs" WHERE "blogs"."id" = ? LIMIT 1[0m  [["id", 1]]
  [1m[35mCACHE (0.0ms)[0m  SELECT  "blogs".* FROM "blogs" WHERE "blogs"."id" = ? LIMIT 1  [["id", "1"]]
  Rendered blogs/show.html.erb within layouts/application (0.8ms)
Completed 200 OK in 756ms (Views: 33.2ms | ActiveRecord: 0.1ms)


Started GET "/assets/blogs.self-e3b0c44298fc1c149afbf4c8996fb92427ae41e4649b934ca495991b7852b855.css?body=1" for 127.0.0.1 at 2015-10-02 00:14:29 -0700


Started GET "/assets/posts.self-e3b0c44298fc1c149afbf4c8996fb92427ae41e4649b934ca495991b7852b855.css?body=1" for 127.0.0.1 at 2015-10-02 00:14:29 -0700


Started GET "/assets/jquery_ujs.self-d456baa54c1fa6be2ec3711f0a72ddf7a5b2f34a6b4f515f33767d6207b7d4b3.js?body=1" for 127.0.0.1 at 2015-10-02 00:14:29 -0700


Started GET "/assets/scaffolds.self-63df97e3bc8eac4920638c0dbed3e153966a98da35d9ed911d276082671b8b31.css?body=1" for 127.0.0.1 at 2015-10-02 00:14:29 -0700


Started GET "/assets/application.self-e80e8f2318043e8af94dddc2adad5a4f09739a8ebb323b3ab31cd71d45fd9113.css?body=1" for 127.0.0.1 at 2015-10-02 00:14:29 -0700


Started GET "/assets/jquery.self-a714331225dda820228db323939889f149aec0127aeb06255646b616ba1ca419.js?body=1" for 127.0.0.1 at 2015-10-02 00:14:29 -0700


Started GET "/assets/turbolinks.self-c37727e9bd6b2735da5c311aa83fead54ed0be6cc8bd9a65309e9c5abe2cbfff.js?body=1" for 127.0.0.1 at 2015-10-02 00:14:29 -0700


Started GET "/assets/application.self-3b8dabdc891efe46b9a144b400ad69e37d7e5876bdc39dee783419a69d7ca819.js?body=1" for 127.0.0.1 at 2015-10-02 00:14:29 -0700


Started GET "/assets/blogs.self-877aef30ae1b040ab8a3aba4e3e309a11d7f2612f44dde450b5c157aa5f95c05.js?body=1" for 127.0.0.1 at 2015-10-02 00:14:29 -0700


Started GET "/assets/posts.self-877aef30ae1b040ab8a3aba4e3e309a11d7f2612f44dde450b5c157aa5f95c05.js?body=1" for 127.0.0.1 at 2015-10-02 00:14:29 -0700


Started GET "/" for 127.0.0.1 at 2015-10-02 00:25:49 -0700
  [1m[36mActiveRecord::SchemaMigration Load (0.1ms)[0m  [1mSELECT "schema_migrations".* FROM "schema_migrations"[0m
Processing by BlogsController#index as HTML
  [1m[35mBlog Load (0.1ms)[0m  SELECT "blogs".* FROM "blogs"
  Rendered blogs/index.html.erb within layouts/application (5.4ms)
Completed 200 OK in 152ms (Views: 140.6ms | ActiveRecord: 0.3ms)


Started GET "/assets/posts.self-e3b0c44298fc1c149afbf4c8996fb92427ae41e4649b934ca495991b7852b855.css?body=1" for 127.0.0.1 at 2015-10-02 00:25:49 -0700


Started GET "/assets/blogs.self-e3b0c44298fc1c149afbf4c8996fb92427ae41e4649b934ca495991b7852b855.css?body=1" for 127.0.0.1 at 2015-10-02 00:25:49 -0700


Started GET "/assets/scaffolds.self-63df97e3bc8eac4920638c0dbed3e153966a98da35d9ed911d276082671b8b31.css?body=1" for 127.0.0.1 at 2015-10-02 00:25:49 -0700


Started GET "/assets/application.self-e80e8f2318043e8af94dddc2adad5a4f09739a8ebb323b3ab31cd71d45fd9113.css?body=1" for 127.0.0.1 at 2015-10-02 00:25:49 -0700


Started GET "/assets/jquery.self-a714331225dda820228db323939889f149aec0127aeb06255646b616ba1ca419.js?body=1" for 127.0.0.1 at 2015-10-02 00:25:49 -0700


Started GET "/assets/turbolinks.self-c37727e9bd6b2735da5c311aa83fead54ed0be6cc8bd9a65309e9c5abe2cbfff.js?body=1" for 127.0.0.1 at 2015-10-02 00:25:49 -0700


Started GET "/assets/jquery_ujs.self-d456baa54c1fa6be2ec3711f0a72ddf7a5b2f34a6b4f515f33767d6207b7d4b3.js?body=1" for 127.0.0.1 at 2015-10-02 00:25:49 -0700


Started GET "/assets/blogs.self-877aef30ae1b040ab8a3aba4e3e309a11d7f2612f44dde450b5c157aa5f95c05.js?body=1" for 127.0.0.1 at 2015-10-02 00:25:49 -0700


Started GET "/assets/posts.self-877aef30ae1b040ab8a3aba4e3e309a11d7f2612f44dde450b5c157aa5f95c05.js?body=1" for 127.0.0.1 at 2015-10-02 00:25:49 -0700


Started GET "/assets/application.self-3b8dabdc891efe46b9a144b400ad69e37d7e5876bdc39dee783419a69d7ca819.js?body=1" for 127.0.0.1 at 2015-10-02 00:25:49 -0700


Started GET "/blogs/1" for 127.0.0.1 at 2015-10-02 00:25:55 -0700
Processing by BlogsController#show as HTML
  Parameters: {"id"=>"1"}
  [1m[36mBlog Load (0.2ms)[0m  [1mSELECT  "blogs".* FROM "blogs" WHERE "blogs"."id" = ? LIMIT 1[0m  [["id", 1]]
  [1m[35mCACHE (0.0ms)[0m  SELECT  "blogs".* FROM "blogs" WHERE "blogs"."id" = ? LIMIT 1  [["id", "1"]]
  Rendered blogs/show.html.erb within layouts/application (2.1ms)
Completed 200 OK in 803ms (Views: 52.7ms | ActiveRecord: 0.2ms)


Started GET "/blogs/new" for 127.0.0.1 at 2015-10-02 00:26:00 -0700
Processing by BlogsController#new as HTML
  Rendered blogs/_form.html.erb (70.9ms)
  Rendered blogs/new.html.erb within layouts/application (89.7ms)
Completed 200 OK in 131ms (Views: 129.4ms | ActiveRecord: 0.0ms)


Started POST "/blogs" for 127.0.0.1 at 2015-10-02 00:26:12 -0700
Processing by BlogsController#create as HTML
  Parameters: {"utf8"=>"✓", "authenticity_token"=>"1p5GXwwEOscIEth9BXRl33fCe3qwIOvNQDqXCwoyWsrpWRtFJeQC561pB6qrTx0SGcbkjCVJWTE0OdXJP0MWSw==", "blog"=>{"title"=>"Sissy Vids", "url"=>"sistervids.tumblr.com"}, "commit"=>"Create Blog"}
  [1m[36m (0.1ms)[0m  [1mbegin transaction[0m
  [1m[35mSQL (0.3ms)[0m  INSERT INTO "blogs" ("title", "url", "created_at", "updated_at") VALUES (?, ?, ?, ?)  [["title", "Sissy Vids"], ["url", "sistervids.tumblr.com"], ["created_at", "2015-10-02 07:26:12.348947"], ["updated_at", "2015-10-02 07:26:12.348947"]]
  [1m[36m (166.2ms)[0m  [1mcommit transaction[0m
Redirected to http://localhost:3000/blogs/2
Completed 302 Found in 171ms (ActiveRecord: 166.5ms)


Started GET "/blogs/2" for 127.0.0.1 at 2015-10-02 00:26:12 -0700
Processing by BlogsController#show as HTML
  Parameters: {"id"=>"2"}
  [1m[35mBlog Load (0.2ms)[0m  SELECT  "blogs".* FROM "blogs" WHERE "blogs"."id" = ? LIMIT 1  [["id", 2]]
  [1m[36mCACHE (0.0ms)[0m  [1mSELECT  "blogs".* FROM "blogs" WHERE "blogs"."id" = ? LIMIT 1[0m  [["id", "2"]]
  Rendered blogs/show.html.erb within layouts/application (1.4ms)
Completed 200 OK in 780ms (Views: 33.0ms | ActiveRecord: 0.2ms)


Started GET "/blogs/2" for 127.0.0.1 at 2015-10-02 00:27:09 -0700
Processing by BlogsController#show as HTML
  Parameters: {"id"=>"2"}
  [1m[35mBlog Load (0.1ms)[0m  SELECT  "blogs".* FROM "blogs" WHERE "blogs"."id" = ? LIMIT 1  [["id", 2]]
  [1m[36mCACHE (0.0ms)[0m  [1mSELECT  "blogs".* FROM "blogs" WHERE "blogs"."id" = ? LIMIT 1[0m  [["id", "2"]]
Completed 500 Internal Server Error in 939ms (ActiveRecord: 0.5ms)

NoMethodError (undefined method `each' for nil:NilClass):
  app/controllers/blogs_controller.rb:17:in `block in show'
  app/controllers/blogs_controller.rb:16:in `each'
  app/controllers/blogs_controller.rb:16:in `show'


  Rendered /home/jacob/.rbenv/versions/2.2.1/lib/ruby/gems/2.2.0/gems/actionpack-4.2.4/lib/action_dispatch/middleware/templates/rescues/_source.erb (11.1ms)
  Rendered /home/jacob/.rbenv/versions/2.2.1/lib/ruby/gems/2.2.0/gems/actionpack-4.2.4/lib/action_dispatch/middleware/templates/rescues/_trace.html.erb (2.3ms)
  Rendered /home/jacob/.rbenv/versions/2.2.1/lib/ruby/gems/2.2.0/gems/actionpack-4.2.4/lib/action_dispatch/middleware/templates/rescues/_request_and_response.html.erb (1.1ms)
  Rendered /home/jacob/.rbenv/versions/2.2.1/lib/ruby/gems/2.2.0/gems/actionpack-4.2.4/lib/action_dispatch/middleware/templates/rescues/diagnostics.html.erb within rescues/layout (40.4ms)
  Rendered /home/jacob/.rbenv/versions/2.2.1/lib/ruby/gems/2.2.0/gems/web-console-2.2.1/lib/web_console/templates/_markup.html.erb (0.6ms)
  Rendered /home/jacob/.rbenv/versions/2.2.1/lib/ruby/gems/2.2.0/gems/web-console-2.2.1/lib/web_console/templates/_inner_console_markup.html.erb within layouts/inlined_string (0.3ms)
  Rendered /home/jacob/.rbenv/versions/2.2.1/lib/ruby/gems/2.2.0/gems/web-console-2.2.1/lib/web_console/templates/_prompt_box_markup.html.erb within layouts/inlined_string (0.2ms)
  Rendered /home/jacob/.rbenv/versions/2.2.1/lib/ruby/gems/2.2.0/gems/web-console-2.2.1/lib/web_console/templates/style.css.erb within layouts/inlined_string (0.4ms)
  Rendered /home/jacob/.rbenv/versions/2.2.1/lib/ruby/gems/2.2.0/gems/web-console-2.2.1/lib/web_console/templates/console.js.erb within layouts/javascript (18.1ms)
  Rendered /home/jacob/.rbenv/versions/2.2.1/lib/ruby/gems/2.2.0/gems/web-console-2.2.1/lib/web_console/templates/main.js.erb within layouts/javascript (0.3ms)
  Rendered /home/jacob/.rbenv/versions/2.2.1/lib/ruby/gems/2.2.0/gems/web-console-2.2.1/lib/web_console/templates/error_page.js.erb within layouts/javascript (0.6ms)
  Rendered /home/jacob/.rbenv/versions/2.2.1/lib/ruby/gems/2.2.0/gems/web-console-2.2.1/lib/web_console/templates/index.html.erb (56.7ms)


Started GET "/" for 127.0.0.1 at 2015-10-02 00:27:45 -0700
Processing by BlogsController#index as HTML
  [1m[35mBlog Load (0.1ms)[0m  SELECT "blogs".* FROM "blogs"
  Rendered blogs/index.html.erb within layouts/application (1.4ms)
Completed 200 OK in 33ms (Views: 32.6ms | ActiveRecord: 0.1ms)


Started GET "/blogs/2" for 127.0.0.1 at 2015-10-02 00:27:48 -0700
Processing by BlogsController#show as HTML
  Parameters: {"id"=>"2"}
  [1m[36mBlog Load (0.1ms)[0m  [1mSELECT  "blogs".* FROM "blogs" WHERE "blogs"."id" = ? LIMIT 1[0m  [["id", 2]]
  [1m[35mCACHE (0.0ms)[0m  SELECT  "blogs".* FROM "blogs" WHERE "blogs"."id" = ? LIMIT 1  [["id", "2"]]
Completed 500 Internal Server Error in 866ms (ActiveRecord: 0.1ms)

NoMethodError (undefined method `each' for nil:NilClass):
  app/controllers/blogs_controller.rb:17:in `block in show'
  app/controllers/blogs_controller.rb:16:in `each'
  app/controllers/blogs_controller.rb:16:in `show'


  Rendered /home/jacob/.rbenv/versions/2.2.1/lib/ruby/gems/2.2.0/gems/actionpack-4.2.4/lib/action_dispatch/middleware/templates/rescues/_source.erb (5.1ms)
  Rendered /home/jacob/.rbenv/versions/2.2.1/lib/ruby/gems/2.2.0/gems/actionpack-4.2.4/lib/action_dispatch/middleware/templates/rescues/_trace.html.erb (1.9ms)
  Rendered /home/jacob/.rbenv/versions/2.2.1/lib/ruby/gems/2.2.0/gems/actionpack-4.2.4/lib/action_dispatch/middleware/templates/rescues/_request_and_response.html.erb (0.8ms)
  Rendered /home/jacob/.rbenv/versions/2.2.1/lib/ruby/gems/2.2.0/gems/actionpack-4.2.4/lib/action_dispatch/middleware/templates/rescues/diagnostics.html.erb within rescues/layout (19.9ms)
  Rendered /home/jacob/.rbenv/versions/2.2.1/lib/ruby/gems/2.2.0/gems/web-console-2.2.1/lib/web_console/templates/_markup.html.erb (0.4ms)
  Rendered /home/jacob/.rbenv/versions/2.2.1/lib/ruby/gems/2.2.0/gems/web-console-2.2.1/lib/web_console/templates/_inner_console_markup.html.erb within layouts/inlined_string (0.2ms)
  Rendered /home/jacob/.rbenv/versions/2.2.1/lib/ruby/gems/2.2.0/gems/web-console-2.2.1/lib/web_console/templates/_prompt_box_markup.html.erb within layouts/inlined_string (0.2ms)
  Rendered /home/jacob/.rbenv/versions/2.2.1/lib/ruby/gems/2.2.0/gems/web-console-2.2.1/lib/web_console/templates/style.css.erb within layouts/inlined_string (0.3ms)
  Rendered /home/jacob/.rbenv/versions/2.2.1/lib/ruby/gems/2.2.0/gems/web-console-2.2.1/lib/web_console/templates/console.js.erb within layouts/javascript (14.6ms)
  Rendered /home/jacob/.rbenv/versions/2.2.1/lib/ruby/gems/2.2.0/gems/web-console-2.2.1/lib/web_console/templates/main.js.erb within layouts/javascript (0.2ms)
  Rendered /home/jacob/.rbenv/versions/2.2.1/lib/ruby/gems/2.2.0/gems/web-console-2.2.1/lib/web_console/templates/error_page.js.erb within layouts/javascript (0.3ms)
  Rendered /home/jacob/.rbenv/versions/2.2.1/lib/ruby/gems/2.2.0/gems/web-console-2.2.1/lib/web_console/templates/index.html.erb (30.0ms)


Started GET "/blogs/2" for 127.0.0.1 at 2015-10-02 00:27:49 -0700
Processing by BlogsController#show as HTML
  Parameters: {"id"=>"2"}
  [1m[36mBlog Load (0.1ms)[0m  [1mSELECT  "blogs".* FROM "blogs" WHERE "blogs"."id" = ? LIMIT 1[0m  [["id", 2]]
  [1m[35mCACHE (0.0ms)[0m  SELECT  "blogs".* FROM "blogs" WHERE "blogs"."id" = ? LIMIT 1  [["id", "2"]]
Completed 500 Internal Server Error in 857ms (ActiveRecord: 0.2ms)

NoMethodError (undefined method `each' for nil:NilClass):
  app/controllers/blogs_controller.rb:17:in `block in show'
  app/controllers/blogs_controller.rb:16:in `each'
  app/controllers/blogs_controller.rb:16:in `show'


  Rendered /home/jacob/.rbenv/versions/2.2.1/lib/ruby/gems/2.2.0/gems/actionpack-4.2.4/lib/action_dispatch/middleware/templates/rescues/_source.erb (5.1ms)
  Rendered /home/jacob/.rbenv/versions/2.2.1/lib/ruby/gems/2.2.0/gems/actionpack-4.2.4/lib/action_dispatch/middleware/templates/rescues/_trace.html.erb (2.0ms)
  Rendered /home/jacob/.rbenv/versions/2.2.1/lib/ruby/gems/2.2.0/gems/actionpack-4.2.4/lib/action_dispatch/middleware/templates/rescues/_request_and_response.html.erb (0.7ms)
  Rendered /home/jacob/.rbenv/versions/2.2.1/lib/ruby/gems/2.2.0/gems/actionpack-4.2.4/lib/action_dispatch/middleware/templates/rescues/diagnostics.html.erb within rescues/layout (20.6ms)
  Rendered /home/jacob/.rbenv/versions/2.2.1/lib/ruby/gems/2.2.0/gems/web-console-2.2.1/lib/web_console/templates/_markup.html.erb (0.2ms)
  Rendered /home/jacob/.rbenv/versions/2.2.1/lib/ruby/gems/2.2.0/gems/web-console-2.2.1/lib/web_console/templates/_inner_console_markup.html.erb within layouts/inlined_string (0.2ms)
  Rendered /home/jacob/.rbenv/versions/2.2.1/lib/ruby/gems/2.2.0/gems/web-console-2.2.1/lib/web_console/templates/_prompt_box_markup.html.erb within layouts/inlined_string (0.2ms)
  Rendered /home/jacob/.rbenv/versions/2.2.1/lib/ruby/gems/2.2.0/gems/web-console-2.2.1/lib/web_console/templates/style.css.erb within layouts/inlined_string (0.2ms)
  Rendered /home/jacob/.rbenv/versions/2.2.1/lib/ruby/gems/2.2.0/gems/web-console-2.2.1/lib/web_console/templates/console.js.erb within layouts/javascript (14.5ms)
  Rendered /home/jacob/.rbenv/versions/2.2.1/lib/ruby/gems/2.2.0/gems/web-console-2.2.1/lib/web_console/templates/main.js.erb within layouts/javascript (0.2ms)
  Rendered /home/jacob/.rbenv/versions/2.2.1/lib/ruby/gems/2.2.0/gems/web-console-2.2.1/lib/web_console/templates/error_page.js.erb within layouts/javascript (0.2ms)
  Rendered /home/jacob/.rbenv/versions/2.2.1/lib/ruby/gems/2.2.0/gems/web-console-2.2.1/lib/web_console/templates/index.html.erb (29.0ms)


Started GET "/blogs/1" for 127.0.0.1 at 2015-10-02 00:27:51 -0700
Processing by BlogsController#show as HTML
  Parameters: {"id"=>"1"}
  [1m[36mBlog Load (0.1ms)[0m  [1mSELECT  "blogs".* FROM "blogs" WHERE "blogs"."id" = ? LIMIT 1[0m  [["id", 1]]
  [1m[35mCACHE (0.0ms)[0m  SELECT  "blogs".* FROM "blogs" WHERE "blogs"."id" = ? LIMIT 1  [["id", "1"]]
  Rendered blogs/show.html.erb within layouts/application (1.0ms)
Completed 200 OK in 802ms (Views: 27.9ms | ActiveRecord: 0.1ms)


Started GET "/blogs/2" for 127.0.0.1 at 2015-10-02 00:27:58 -0700
Processing by BlogsController#show as HTML
  Parameters: {"id"=>"2"}
  [1m[36mBlog Load (0.1ms)[0m  [1mSELECT  "blogs".* FROM "blogs" WHERE "blogs"."id" = ? LIMIT 1[0m  [["id", 2]]
  [1m[35mCACHE (0.0ms)[0m  SELECT  "blogs".* FROM "blogs" WHERE "blogs"."id" = ? LIMIT 1  [["id", "2"]]
Completed 500 Internal Server Error in 942ms (ActiveRecord: 0.1ms)

NoMethodError (undefined method `each' for nil:NilClass):
  app/controllers/blogs_controller.rb:17:in `block in show'
  app/controllers/blogs_controller.rb:16:in `each'
  app/controllers/blogs_controller.rb:16:in `show'


  Rendered /home/jacob/.rbenv/versions/2.2.1/lib/ruby/gems/2.2.0/gems/actionpack-4.2.4/lib/action_dispatch/middleware/templates/rescues/_source.erb (4.9ms)
  Rendered /home/jacob/.rbenv/versions/2.2.1/lib/ruby/gems/2.2.0/gems/actionpack-4.2.4/lib/action_dispatch/middleware/templates/rescues/_trace.html.erb (2.3ms)
  Rendered /home/jacob/.rbenv/versions/2.2.1/lib/ruby/gems/2.2.0/gems/actionpack-4.2.4/lib/action_dispatch/middleware/templates/rescues/_request_and_response.html.erb (0.8ms)
  Rendered /home/jacob/.rbenv/versions/2.2.1/lib/ruby/gems/2.2.0/gems/actionpack-4.2.4/lib/action_dispatch/middleware/templates/rescues/diagnostics.html.erb within rescues/layout (20.4ms)
  Rendered /home/jacob/.rbenv/versions/2.2.1/lib/ruby/gems/2.2.0/gems/web-console-2.2.1/lib/web_console/templates/_markup.html.erb (0.3ms)
  Rendered /home/jacob/.rbenv/versions/2.2.1/lib/ruby/gems/2.2.0/gems/web-console-2.2.1/lib/web_console/templates/_inner_console_markup.html.erb within layouts/inlined_string (0.2ms)
  Rendered /home/jacob/.rbenv/versions/2.2.1/lib/ruby/gems/2.2.0/gems/web-console-2.2.1/lib/web_console/templates/_prompt_box_markup.html.erb within layouts/inlined_string (0.2ms)
  Rendered /home/jacob/.rbenv/versions/2.2.1/lib/ruby/gems/2.2.0/gems/web-console-2.2.1/lib/web_console/templates/style.css.erb within layouts/inlined_string (0.2ms)
  Rendered /home/jacob/.rbenv/versions/2.2.1/lib/ruby/gems/2.2.0/gems/web-console-2.2.1/lib/web_console/templates/console.js.erb within layouts/javascript (14.1ms)
  Rendered /home/jacob/.rbenv/versions/2.2.1/lib/ruby/gems/2.2.0/gems/web-console-2.2.1/lib/web_console/templates/main.js.erb within layouts/javascript (0.2ms)
  Rendered /home/jacob/.rbenv/versions/2.2.1/lib/ruby/gems/2.2.0/gems/web-console-2.2.1/lib/web_console/templates/error_page.js.erb within layouts/javascript (0.2ms)
  Rendered /home/jacob/.rbenv/versions/2.2.1/lib/ruby/gems/2.2.0/gems/web-console-2.2.1/lib/web_console/templates/index.html.erb (28.2ms)


Started GET "/blogs/2" for 127.0.0.1 at 2015-10-02 00:27:59 -0700
Processing by BlogsController#show as HTML
  Parameters: {"id"=>"2"}
  [1m[36mBlog Load (0.1ms)[0m  [1mSELECT  "blogs".* FROM "blogs" WHERE "blogs"."id" = ? LIMIT 1[0m  [["id", 2]]
  [1m[35mCACHE (0.0ms)[0m  SELECT  "blogs".* FROM "blogs" WHERE "blogs"."id" = ? LIMIT 1  [["id", "2"]]
Completed 500 Internal Server Error in 918ms (ActiveRecord: 0.1ms)

NoMethodError (undefined method `each' for nil:NilClass):
  app/controllers/blogs_controller.rb:17:in `block in show'
  app/controllers/blogs_controller.rb:16:in `each'
  app/controllers/blogs_controller.rb:16:in `show'


  Rendered /home/jacob/.rbenv/versions/2.2.1/lib/ruby/gems/2.2.0/gems/actionpack-4.2.4/lib/action_dispatch/middleware/templates/rescues/_source.erb (5.9ms)
  Rendered /home/jacob/.rbenv/versions/2.2.1/lib/ruby/gems/2.2.0/gems/actionpack-4.2.4/lib/action_dispatch/middleware/templates/rescues/_trace.html.erb (2.1ms)
  Rendered /home/jacob/.rbenv/versions/2.2.1/lib/ruby/gems/2.2.0/gems/actionpack-4.2.4/lib/action_dispatch/middleware/templates/rescues/_request_and_response.html.erb (0.8ms)
  Rendered /home/jacob/.rbenv/versions/2.2.1/lib/ruby/gems/2.2.0/gems/actionpack-4.2.4/lib/action_dispatch/middleware/templates/rescues/diagnostics.html.erb within rescues/layout (21.6ms)
  Rendered /home/jacob/.rbenv/versions/2.2.1/lib/ruby/gems/2.2.0/gems/web-console-2.2.1/lib/web_console/templates/_markup.html.erb (0.2ms)
  Rendered /home/jacob/.rbenv/versions/2.2.1/lib/ruby/gems/2.2.0/gems/web-console-2.2.1/lib/web_console/templates/_inner_console_markup.html.erb within layouts/inlined_string (0.2ms)
  Rendered /home/jacob/.rbenv/versions/2.2.1/lib/ruby/gems/2.2.0/gems/web-console-2.2.1/lib/web_console/templates/_prompt_box_markup.html.erb within layouts/inlined_string (0.2ms)
  Rendered /home/jacob/.rbenv/versions/2.2.1/lib/ruby/gems/2.2.0/gems/web-console-2.2.1/lib/web_console/templates/style.css.erb within layouts/inlined_string (0.2ms)
  Rendered /home/jacob/.rbenv/versions/2.2.1/lib/ruby/gems/2.2.0/gems/web-console-2.2.1/lib/web_console/templates/console.js.erb within layouts/javascript (14.2ms)
  Rendered /home/jacob/.rbenv/versions/2.2.1/lib/ruby/gems/2.2.0/gems/web-console-2.2.1/lib/web_console/templates/main.js.erb within layouts/javascript (0.2ms)
  Rendered /home/jacob/.rbenv/versions/2.2.1/lib/ruby/gems/2.2.0/gems/web-console-2.2.1/lib/web_console/templates/error_page.js.erb within layouts/javascript (0.3ms)
  Rendered /home/jacob/.rbenv/versions/2.2.1/lib/ruby/gems/2.2.0/gems/web-console-2.2.1/lib/web_console/templates/index.html.erb (28.9ms)


Started DELETE "/blogs/2" for 127.0.0.1 at 2015-10-02 00:28:09 -0700
Processing by BlogsController#destroy as HTML
  Parameters: {"authenticity_token"=>"4Hqh3cJkxZcp5vbCUmfkDlcI3hYeMe/RY4ouIaC704/fvfzH64T9t4ydKRX8XJzDOQxB4ItYXS0XiWzjlcqfDg==", "id"=>"2"}
  [1m[36mBlog Load (0.1ms)[0m  [1mSELECT  "blogs".* FROM "blogs" WHERE "blogs"."id" = ? LIMIT 1[0m  [["id", 2]]
  [1m[35m (0.1ms)[0m  begin transaction
  [1m[36mSQL (0.1ms)[0m  [1mDELETE FROM "blogs" WHERE "blogs"."id" = ?[0m  [["id", 2]]
  [1m[35m (296.8ms)[0m  commit transaction
Redirected to http://localhost:3000/blogs
Completed 302 Found in 300ms (ActiveRecord: 297.1ms)


Started GET "/blogs" for 127.0.0.1 at 2015-10-02 00:28:09 -0700
Processing by BlogsController#index as HTML
  [1m[36mBlog Load (0.2ms)[0m  [1mSELECT "blogs".* FROM "blogs"[0m
  Rendered blogs/index.html.erb within layouts/application (1.0ms)
Completed 200 OK in 36ms (Views: 35.2ms | ActiveRecord: 0.2ms)


Started GET "/blogs/new" for 127.0.0.1 at 2015-10-02 00:28:10 -0700
Processing by BlogsController#new as HTML
  Rendered blogs/_form.html.erb (1.4ms)
  Rendered blogs/new.html.erb within layouts/application (1.9ms)
Completed 200 OK in 30ms (Views: 29.1ms | ActiveRecord: 0.0ms)


Started POST "/blogs" for 127.0.0.1 at 2015-10-02 00:28:22 -0700
Processing by BlogsController#create as HTML
  Parameters: {"utf8"=>"✓", "authenticity_token"=>"/qANXf0oFDGgYzwWhEIh5xDit/5k+b3GfKqJGwkvsa7BZ1BH1MgsEQUY48EqeVkqfuYoCPGQDzoIqcvZPF79Lw==", "blog"=>{"title"=>"Sissy Models", "url"=>"sissymodels.tumblr.com"}, "commit"=>"Create Blog"}
  [1m[35m (0.2ms)[0m  begin transaction
  [1m[36mSQL (0.4ms)[0m  [1mINSERT INTO "blogs" ("title", "url", "created_at", "updated_at") VALUES (?, ?, ?, ?)[0m  [["title", "Sissy Models"], ["url", "sissymodels.tumblr.com"], ["created_at", "2015-10-02 07:28:22.713225"], ["updated_at", "2015-10-02 07:28:22.713225"]]
  [1m[35m (166.6ms)[0m  commit transaction
Redirected to http://localhost:3000/blogs/3
Completed 302 Found in 172ms (ActiveRecord: 167.2ms)


Started GET "/blogs/3" for 127.0.0.1 at 2015-10-02 00:28:22 -0700
Processing by BlogsController#show as HTML
  Parameters: {"id"=>"3"}
  [1m[36mBlog Load (0.1ms)[0m  [1mSELECT  "blogs".* FROM "blogs" WHERE "blogs"."id" = ? LIMIT 1[0m  [["id", 3]]
  [1m[35mCACHE (0.0ms)[0m  SELECT  "blogs".* FROM "blogs" WHERE "blogs"."id" = ? LIMIT 1  [["id", "3"]]
  Rendered blogs/show.html.erb within layouts/application (0.4ms)
Completed 200 OK in 845ms (Views: 26.0ms | ActiveRecord: 0.1ms)
